System-Info-Logger.sh Executed at 19:31:28

Total Ram Size: 21916 MB
Total Free Space: 15626 MB
Total Used Space: 2713 MB

Total Storage Size: 238777 MB
Total Available Storage: 209226 MB
Total Used Storage: 17351 MB

OS Name: Ubuntu
OS Version: 22.04.3

IP Address: 172.16.5.248 

==========================================
System-Info-Logger.sh Executed at 19:32:07

Total Ram Size: 21916 MB
Total Free Space: 15606 MB
Total Used Space: 2738 MB

Total Storage Size: 238777 MB
Total Available Storage: 209226 MB
Total Used Storage: 17351 MB

OS Name: Ubuntu
OS Version: 22.04.3

IP Address: 172.16.5.248 

==========================================
